TN:
SF:src/GifExpertApp.jsx
FN:3,(anonymous_0)
FN:5,(anonymous_1)
FN:13,(anonymous_2)
FNF:3
FNH:3
FNDA:5,(anonymous_0)
FNDA:3,(anonymous_1)
FNDA:12,(anonymous_2)
DA:3,1
DA:4,5
DA:5,5
DA:6,3
DA:7,2
DA:9,5
DA:14,12
LF:7
LH:7
BRDA:6,0,0,1
BRDA:6,0,1,2
BRF:2
BRH:2
end_of_record
TN:
SF:src/components/AddCategory.jsx
FN:3,(anonymous_0)
FN:6,(anonymous_1)
FN:10,(anonymous_2)
FNF:3
FNH:3
FNDA:15,(anonymous_0)
FNDA:5,(anonymous_1)
FNDA:5,(anonymous_2)
DA:3,4
DA:4,15
DA:6,15
DA:7,5
DA:10,15
DA:11,5
DA:12,5
DA:13,4
DA:14,4
DA:16,15
DA:30,4
LF:11
LH:11
BRDA:12,0,0,1
BRDA:12,0,1,4
BRF:2
BRH:2
end_of_record
TN:
SF:src/components/GifGrid.jsx
FN:4,(anonymous_0)
FN:12,(anonymous_1)
FNF:2
FNH:2
FNDA:14,(anonymous_0)
FNDA:2,(anonymous_1)
DA:4,4
DA:5,14
DA:7,14
DA:13,2
DA:20,4
LF:5
LH:5
BRDA:10,0,0,14
BRDA:10,0,1,13
BRF:2
BRH:2
end_of_record
TN:
SF:src/components/GifItem.jsx
FN:2,(anonymous_0)
FNF:1
FNH:1
FNDA:5,(anonymous_0)
DA:2,4
DA:3,5
DA:11,4
LF:3
LH:3
BRF:0
BRH:0
end_of_record
TN:
SF:src/components/index.js
FNF:0
FNH:0
LF:0
LH:0
BRF:0
BRH:0
end_of_record
TN:
SF:src/helpers/getGifts.js
FN:3,(anonymous_0)
FN:8,(anonymous_1)
FNF:2
FNH:2
FNDA:11,(anonymous_0)
FNDA:4,(anonymous_1)
DA:1,6
DA:2,6
DA:3,6
DA:4,11
DA:5,11
DA:6,2
DA:8,4
DA:14,2
LF:8
LH:8
BRF:0
BRH:0
end_of_record
TN:
SF:src/hooks/useFetchGifts.js
FN:3,(anonymous_0)
FN:7,(anonymous_1)
FN:12,(anonymous_2)
FNF:3
FNH:3
FNDA:15,(anonymous_0)
FNDA:10,(anonymous_1)
FNDA:10,(anonymous_2)
DA:3,5
DA:4,15
DA:5,15
DA:7,15
DA:8,10
DA:9,1
DA:10,1
DA:12,15
DA:13,10
DA:15,15
LF:10
LH:10
BRF:0
BRH:0
end_of_record
